<?xml version="1.0" encoding="UTF-8"?>
<!-- Generated by org.testng.reporters.JUnitReportReporter -->
<testsuite hostname="USBLRKB5" name="com.hellofresh.RegressionSuite.SignInTest" tests="1" failures="1" timestamp="20 May 2018 05:37:20 GMT" time="0.008" errors="0">
  <testcase name="signInVerificationTest" time="0.008" classname="com.hellofresh.RegressionSuite.SignInTest">
    <failure type="org.testng.TestNGException" message="
Parameter &#039;env&#039; is required by @Configuration on method setup but has not been marked @Optional or defined
in C:\Users\kb\AppData\Local\Temp\testng-eclipse-1982598515\testng-customsuite.xml">
      <![CDATA[org.testng.TestNGException: 
Parameter 'env' is required by @Configuration on method setup but has not been marked @Optional or defined
in C:\Users\kb\AppData\Local\Temp\testng-eclipse-1982598515\testng-customsuite.xml
	at org.testng.internal.Parameters.createParameters(Parameters.java:155)
	at org.testng.internal.Parameters.createParameters(Parameters.java:355)
	at org.testng.internal.Parameters.createConfigurationParameters(Parameters.java:86)
	at org.testng.internal.Invoker.invokeConfigurations(Invoker.java:199)
	at org.testng.internal.Invoker.invokeConfigurations(Invoker.java:138)
	at org.testng.SuiteRunner.privateRun(SuiteRunner.java:277)
	at org.testng.SuiteRunner.run(SuiteRunner.java:240)
	at org.testng.SuiteRunnerWorker.runSuite(SuiteRunnerWorker.java:52)
	at org.testng.SuiteRunnerWorker.run(SuiteRunnerWorker.java:86)
	at org.testng.TestNG.runSuitesSequentially(TestNG.java:1198)
	at org.testng.TestNG.runSuitesLocally(TestNG.java:1123)
	at org.testng.TestNG.run(TestNG.java:1031)
	at org.testng.remote.AbstractRemoteTestNG.run(AbstractRemoteTestNG.java:114)
	at org.testng.remote.RemoteTestNG.initAndRun(RemoteTestNG.java:251)
	at org.testng.remote.RemoteTestNG.main(RemoteTestNG.java:77)
]]>
    </failure>
  </testcase> <!-- signInVerificationTest -->
</testsuite> <!-- com.hellofresh.RegressionSuite.SignInTest -->
